Arguments: 
  C:\Program Files\nodejs\node.exe C:\Users\james\AppData\Roaming\npm\node_modules\yarn\bin\yarn.js

PATH: 
  C:\Python39\Scripts\;C:\Python39\;C:\Windows\system32;C:\Windows;C:\Windows\System32\Wbem;C:\Windows\System32\WindowsPowerShell\v1.0\;C:\Windows\System32\OpenSSH\;C:\Program Files\NVIDIA Corporation\NVIDIA NvDLISR;C:\Program Files (x86)\NVIDIA Corporation\PhysX\Common;C:\WINDOWS\system32;C:\WINDOWS;C:\WINDOWS\System32\Wbem;C:\WINDOWS\System32\WindowsPowerShell\v1.0\;C:\WINDOWS\System32\OpenSSH\;C:\Program Files\TortoiseGit\bin;C:\Program Files\Git\cmd;C:\Program Files\nodejs\;C:\ProgramData\chocolatey\bin;C:\Users\james\AppData\Local\Microsoft\WindowsApps;C:\Users\james\AppData\Roaming\npm;C:\Users\james\AppData\Local\Programs\Microsoft VS Code\bin

Yarn version: 
  1.22.10

Node version: 
  12.0.0

Platform: 
  win32 x64

Trace: 
  Error: https://registry.npmjs.org/@valorswap%2fcore: Not found
      at Request.params.callback [as _callback] (C:\Users\james\AppData\Roaming\npm\node_modules\yarn\lib\cli.js:66988:18)
      at Request.self.callback (C:\Users\james\AppData\Roaming\npm\node_modules\yarn\lib\cli.js:140662:22)
      at Request.emit (events.js:196:13)
      at Request.<anonymous> (C:\Users\james\AppData\Roaming\npm\node_modules\yarn\lib\cli.js:141634:10)
      at Request.emit (events.js:196:13)
      at IncomingMessage.<anonymous> (C:\Users\james\AppData\Roaming\npm\node_modules\yarn\lib\cli.js:141556:12)
      at Object.onceWrapper (events.js:284:20)
      at IncomingMessage.emit (events.js:201:15)
      at endReadableNT (_stream_readable.js:1130:12)
      at processTicksAndRejections (internal/process/task_queues.js:83:17)

npm manifest: 
  {
    "name": "@valorswap/sdk",
    "license": "MIT",
    "version": "1.0.5",
    "description": "🛠 An SDK for building applications on top of ValorSwap.",
    "main": "dist/index.js",
    "typings": "dist/index.d.ts",
    "files": [
      "dist"
    ],
    "repository": "https://github.com/valordev/valorswap-sdk.git",
    "keywords": [
      "uniswap",
      "ethereum"
    ],
    "module": "dist/sdk.esm.js",
    "scripts": {
      "lint": "tsdx lint src test",
      "build": "tsdx build",
      "start": "tsdx watch",
      "test": "tsdx test",
      "prepublishOnly": "tsdx build"
    },
    "dependencies": {
      "@valorswap/core": "^1.0.0",
      "big.js": "^5.2.2",
      "decimal.js-light": "^2.5.0",
      "jsbi": "^3.1.1",
      "tiny-invariant": "^1.1.0",
      "tiny-warning": "^1.0.3",
      "toformat": "^2.0.0"
    },
    "peerDependencies": {
      "@ethersproject/address": "^5.0.0-beta",
      "@ethersproject/contracts": "^5.0.0-beta",
      "@ethersproject/networks": "^5.0.0-beta",
      "@ethersproject/providers": "^5.0.0-beta",
      "@ethersproject/solidity": "^5.0.0-beta"
    },
    "devDependencies": {
      "@ethersproject/address": "^5.0.2",
      "@ethersproject/contracts": "^5.0.2",
      "@ethersproject/networks": "^5.0.2",
      "@ethersproject/providers": "^5.0.5",
      "@ethersproject/solidity": "^5.0.2",
      "@types/big.js": "^4.0.5",
      "@types/jest": "^24.0.25",
      "babel-plugin-transform-jsbi-to-bigint": "^1.3.1",
      "tsdx": "^0.12.3"
    },
    "engines": {
      "node": "=12"
    },
    "prettier": {
      "printWidth": 120,
      "semi": false,
      "singleQuote": true
    }
  }

yarn manifest: 
  No manifest

Lockfile: 
  No lockfile
